Start testing: Jan 01 16:46 -05
----------------------------------------------------------
71/134 Testing: random_graph
71/134 Test: random_graph
Command: "/home/lrleon/Aleph-w/Tests/build/random_graph"
Directory: /home/lrleon/Aleph-w/Tests/build
"random_graph" start time: Jan 01 16:46 -05
Output:
----------------------------------------------------------
======================================
  Random Graph Generator Tests
======================================

--- Random_Graph (undirected) ---
Test: Random_Graph sparse basic creation... PASSED (nodes=10, arcs=14)
Test: Random_Graph sparse connected... PASSED (connected=1)
Test: Random_Graph sparse disconnected... PASSED (nodes=20, arcs=5)
Test: Random_Graph with probability p... PASSED (nodes=15, arcs=27)
Test: Random_Graph with high probability (dense)... PASSED (arcs=36/45 max)
Test: Random_Graph invalid probability... PASSED
Test: Random_Graph Eulerian (sparse)... PASSED (all degrees even)
Test: Random_Graph deterministic with same seed... PASSED (same seed => same graph structure)
Test: Random_Graph different seeds produce different graphs... PASSED (g1 arcs=26, g2 arcs=27)

--- Edge Cases ---
Test: Single node graph... PASSED
Test: Zero nodes rejected... PASSED
Test: Two node graph... PASSED
Test: Requesting more arcs than possible... PASSED (arcs capped at 8)

--- Custom Initializers ---
Test: Custom node and arc initializers... PASSED

======================================
  All tests PASSED!
======================================
<end of output>
Test time =   0.00 sec
----------------------------------------------------------
Test Passed.
"random_graph" end time: Jan 01 16:46 -05
"random_graph" time elapsed: 00:00:00
----------------------------------------------------------

109/134 Testing: prim_test
109/134 Test: prim_test
Command: "/home/lrleon/Aleph-w/Tests/build/prim_test"
Directory: /home/lrleon/Aleph-w/Tests/build
"prim_test" start time: Jan 01 16:46 -05
Output:
----------------------------------------------------------
Running main() from ./googletest/src/gtest_main.cc
[==========] Running 14 tests from 6 test suites.
[----------] Global test environment set-up.
[----------] 5 tests from PrimBasic
[ RUN      ] PrimBasic.EmptyGraph
[       OK ] PrimBasic.EmptyGraph (0 ms)
[ RUN      ] PrimBasic.SingleNode
[       OK ] PrimBasic.SingleNode (0 ms)
[ RUN      ] PrimBasic.TwoNodesOneArc
[       OK ] PrimBasic.TwoNodesOneArc (0 ms)
[ RUN      ] PrimBasic.TriangleGraph
[       OK ] PrimBasic.TriangleGraph (0 ms)
[ RUN      ] PrimBasic.SquareGraph
[       OK ] PrimBasic.SquareGraph (0 ms)
[----------] 5 tests from PrimBasic (0 ms total)

[----------] 2 tests from PrimVsKruskal
[ RUN      ] PrimVsKruskal.SameWeightOnSimpleGraph
[       OK ] PrimVsKruskal.SameWeightOnSimpleGraph (0 ms)
[ RUN      ] PrimVsKruskal.RandomGraph
[       OK ] PrimVsKruskal.RandomGraph (0 ms)
[----------] 2 tests from PrimVsKruskal (0 ms total)

[----------] 3 tests from PrimEdgeCases
[ RUN      ] PrimEdgeCases.AllEqualWeights
[       OK ] PrimEdgeCases.AllEqualWeights (0 ms)
[ RUN      ] PrimEdgeCases.LinearGraph
[       OK ] PrimEdgeCases.LinearGraph (0 ms)
[ RUN      ] PrimEdgeCases.StarGraph
[       OK ] PrimEdgeCases.StarGraph (0 ms)
[----------] 3 tests from PrimEdgeCases (0 ms total)

[----------] 2 tests from PrimStress
[ RUN      ] PrimStress.LargeGraph
[       OK ] PrimStress.LargeGraph (0 ms)
[ RUN      ] PrimStress.DenseGraph
[       OK ] PrimStress.DenseGraph (0 ms)
[----------] 2 tests from PrimStress (0 ms total)

[----------] 1 test from PrimMapping
[ RUN      ] PrimMapping.NodesAreMapped
[       OK ] PrimMapping.NodesAreMapped (0 ms)
[----------] 1 test from PrimMapping (0 ms total)

[----------] 1 test from PrimTextbook
[ RUN      ] PrimTextbook.ClassicExample
[       OK ] PrimTextbook.ClassicExample (0 ms)
[----------] 1 test from PrimTextbook (0 ms total)

[----------] Global test environment tear-down
[==========] 14 tests from 6 test suites ran. (0 ms total)
[  PASSED  ] 14 tests.
<end of output>
Test time =   0.00 sec
----------------------------------------------------------
Test Passed.
"prim_test" end time: Jan 01 16:46 -05
"prim_test" time elapsed: 00:00:00
----------------------------------------------------------

30/134 Testing: dynsettree
30/134 Test: dynsettree
Command: "/home/lrleon/Aleph-w/Tests/build/dynsettree"
Directory: /home/lrleon/Aleph-w/Tests/build
"dynsettree" start time: Jan 01 16:46 -05
Output:
----------------------------------------------------------
[==========] Running 384 tests from 12 test suites.
[----------] Global test environment set-up.
[----------] 47 tests from DynSetTreeTypedTest/0, where TypeParam = Aleph::DynSetBinTree<int,Aleph::less<int> >
[ RUN      ] DynSetTreeTypedTest/0.EmptySetProperties
[       OK ] DynSetTreeTypedTest/0.EmptySetProperties (0 ms)
[ RUN      ] DynSetTreeTypedTest/0.InsertAndSearch
[       OK ] DynSetTreeTypedTest/0.InsertAndSearch (0 ms)
[ RUN      ] DynSetTreeTypedTest/0.InsertRejectsDuplicates
[       OK ] DynSetTreeTypedTest/0.InsertRejectsDuplicates (0 ms)
[ RUN      ] DynSetTreeTypedTest/0.RemoveOperations
[       OK ] DynSetTreeTypedTest/0.RemoveOperations (0 ms)
[ RUN      ] DynSetTreeTypedTest/0.SearchOrInsert
[       OK ] DynSetTreeTypedTest/0.SearchOrInsert (0 ms)
[ RUN      ] DynSetTreeTypedTest/0.ContainsOrInsert
[       OK ] DynSetTreeTypedTest/0.ContainsOrInsert (0 ms)
[ RUN      ] DynSetTreeTypedTest/0.FindAndDel
[       OK ] DynSetTreeTypedTest/0.FindAndDel (0 ms)
[ RUN      ] DynSetTreeTypedTest/0.CopyConstructor
[       OK ] DynSetTreeTypedTest/0.CopyConstructor (0 ms)
[ RUN      ] DynSetTreeTypedTest/0.MoveConstructor
[       OK ] DynSetTreeTypedTest/0.MoveConstructor (0 ms)
[ RUN      ] DynSetTreeTypedTest/0.Swap
[       OK ] DynSetTreeTypedTest/0.Swap (0 ms)
[ RUN      ] DynSetTreeTypedTest/0.EmptyMethod
[       OK ] DynSetTreeTypedTest/0.EmptyMethod (0 ms)
[ RUN      ] DynSetTreeTypedTest/0.IteratorInOrder
[       OK ] DynSetTreeTypedTest/0.IteratorInOrder (0 ms)
[ RUN      ] DynSetTreeTypedTest/0.ForEachInorder
[       OK ] DynSetTreeTypedTest/0.ForEachInorder (0 ms)
[ RUN      ] DynSetTreeTypedTest/0.Traverse
[       OK ] DynSetTreeTypedTest/0.Traverse (0 ms)
[ RUN      ] DynSetTreeTypedTest/0.Verify
[       OK ] DynSetTreeTypedTest/0.Verify (0 ms)
[ RUN      ] DynSetTreeTypedTest/0.StressTest
[       OK ] DynSetTreeTypedTest/0.StressTest (0 ms)
[ RUN      ] DynSetTreeTypedTest/0.AppendMethod
[       OK ] DynSetTreeTypedTest/0.AppendMethod (0 ms)
[ RUN      ] DynSetTreeTypedTest/0.PutMethod
[       OK ] DynSetTreeTypedTest/0.PutMethod (0 ms)
[ RUN      ] DynSetTreeTypedTest/0.InsertRvalue
[       OK ] DynSetTreeTypedTest/0.InsertRvalue (0 ms)
[ RUN      ] DynSetTreeTypedTest/0.AppendRvalue
[       OK ] DynSetTreeTypedTest/0.AppendRvalue (0 ms)
[ RUN      ] DynSetTreeTypedTest/0.PutRvalue
[       OK ] DynSetTreeTypedTest/0.PutRvalue (0 ms)
[ RUN      ] DynSetTreeTypedTest/0.SearchOrInsertRvalue
[       OK ] DynSetTreeTypedTest/0.SearchOrInsertRvalue (0 ms)
[ RUN      ] DynSetTreeTypedTest/0.ContainsOrInsertRvalue
[       OK ] DynSetTreeTypedTest/0.ContainsOrInsertRvalue (0 ms)
[ RUN      ] DynSetTreeTypedTest/0.InsertDupRvalue
[       OK ] DynSetTreeTypedTest/0.InsertDupRvalue (0 ms)
[ RUN      ] DynSetTreeTypedTest/0.Height
[       OK ] DynSetTreeTypedTest/0.Height (0 ms)
[ RUN      ] DynSetTreeTypedTest/0.InternalPathLength
[       OK ] DynSetTreeTypedTest/0.InternalPathLength (0 ms)
[ RUN      ] DynSetTreeTypedTest/0.GetRootNode
[       OK ] DynSetTreeTypedTest/0.GetRootNode (0 ms)
[ RUN      ] DynSetTreeTypedTest/0.GetFirstAndGetLast
[       OK ] DynSetTreeTypedTest/0.GetFirstAndGetLast (0 ms)
[ RUN      ] DynSetTreeTypedTest/0.GetMethod
[       OK ] DynSetTreeTypedTest/0.GetMethod (0 ms)
[ RUN      ] DynSetTreeTypedTest/0.GetItem
[       OK ] DynSetTreeTypedTest/0.GetItem (0 ms)
[ RUN      ] DynSetTreeTypedTest/0.ExistHasContainsConsistency
[       OK ] DynSetTreeTypedTest/0.ExistHasContainsConsistency (0 ms)
[ RUN      ] DynSetTreeTypedTest/0.CopyAssignment
[       OK ] DynSetTreeTypedTest/0.CopyAssignment (0 ms)
[ RUN      ] DynSetTreeTypedTest/0.SelfCopyAssignment
[       OK ] DynSetTreeTypedTest/0.SelfCopyAssignment (0 ms)
[ RUN      ] DynSetTreeTypedTest/0.MoveAssignment
[       OK ] DynSetTreeTypedTest/0.MoveAssignment (0 ms)
[ RUN      ] DynSetTreeTypedTest/0.SelfMoveAssignment
[       OK ] DynSetTreeTypedTest/0.SelfMoveAssignment (0 ms)
[ RUN      ] DynSetTreeTypedTest/0.IteratorOnEmptySet
[       OK ] DynSetTreeTypedTest/0.IteratorOnEmptySet (0 ms)
[ RUN      ] DynSetTreeTypedTest/0.IteratorResetFirst
[       OK ] DynSetTreeTypedTest/0.IteratorResetFirst (0 ms)
[ RUN      ] DynSetTreeTypedTest/0.IteratorResetLast
[       OK ] DynSetTreeTypedTest/0.IteratorResetLast (0 ms)
[ RUN      ] DynSetTreeTypedTest/0.TraverseEarlyExit
[       OK ] DynSetTreeTypedTest/0.TraverseEarlyExit (0 ms)
[ RUN      ] DynSetTreeTypedTest/0.TraverseConst
[       OK ] DynSetTreeTypedTest/0.TraverseConst (0 ms)
[ RUN      ] DynSetTreeTypedTest/0.VerifyEmptyTree
[       OK ] DynSetTreeTypedTest/0.VerifyEmptyTree (0 ms)
[ RUN      ] DynSetTreeTypedTest/0.VerifySingleElement
[       OK ] DynSetTreeTypedTest/0.VerifySingleElement (0 ms)
[ RUN      ] DynSetTreeTypedTest/0.Stress_AscendingInsertion
[       OK ] DynSetTreeTypedTest/0.Stress_AscendingInsertion (19 ms)
[ RUN      ] DynSetTreeTypedTest/0.Stress_DescendingInsertion
[       OK ] DynSetTreeTypedTest/0.Stress_DescendingInsertion (26 ms)
[ RUN      ] DynSetTreeTypedTest/0.Stress_BulkInsertBulkRemove
[       OK ] DynSetTreeTypedTest/0.Stress_BulkInsertBulkRemove (5 ms)
[ RUN      ] DynSetTreeTypedTest/0.Fuzz_RandomOperations
[       OK ] DynSetTreeTypedTest/0.Fuzz_RandomOperations (0 ms)
[ RUN      ] DynSetTreeTypedTest/0.Stress_AlternatingInsertRemove
[       OK ] DynSetTreeTypedTest/0.Stress_AlternatingInsertRemove (0 ms)
[----------] 47 tests from DynSetTreeTypedTest/0 (52 ms total)

[----------] 47 tests from DynSetTreeTypedTest/1, where TypeParam = Aleph::DynSetAvlTree<int,Aleph::less<int> >
[ RUN      ] DynSetTreeTypedTest/1.EmptySetProperties
[       OK ] DynSetTreeTypedTest/1.EmptySetProperties (0 ms)
[ RUN      ] DynSetTreeTypedTest/1.InsertAndSearch
[       OK ] DynSetTreeTypedTest/1.InsertAndSearch (0 ms)
[ RUN      ] DynSetTreeTypedTest/1.InsertRejectsDuplicates
[       OK ] DynSetTreeTypedTest/1.InsertRejectsDuplicates (0 ms)
[ RUN      ] DynSetTreeTypedTest/1.RemoveOperations
[       OK ] DynSetTreeTypedTest/1.RemoveOperations (0 ms)
[ RUN      ] DynSetTreeTypedTest/1.SearchOrInsert
[       OK ] DynSetTreeTypedTest/1.SearchOrInsert (0 ms)
[ RUN      ] DynSetTreeTypedTest/1.ContainsOrInsert
[       OK ] DynSetTreeTypedTest/1.ContainsOrInsert (0 ms)
[ RUN      ] DynSetTreeTypedTest/1.FindAndDel
[       OK ] DynSetTreeTypedTest/1.FindAndDel (0 ms)
[ RUN      ] DynSetTreeTypedTest/1.CopyConstructor
[       OK ] DynSetTreeTypedTest/1.CopyConstructor (0 ms)
[ RUN      ] DynSetTreeTypedTest/1.MoveConstructor
[       OK ] DynSetTreeTypedTest/1.MoveConstructor (0 ms)
[ RUN      ] DynSetTreeTypedTest/1.Swap
[       OK ] DynSetTreeTypedTest/1.Swap (0 ms)
[ RUN      ] DynSetTreeTypedTest/1.EmptyMethod
[       OK ] DynSetTreeTypedTest/1.EmptyMethod (0 ms)
[ RUN      ] DynSetTreeTypedTest/1.IteratorInOrder
[       OK ] DynSetTreeTypedTest/1.IteratorInOrder (0 ms)
[ RUN      ] DynSetTreeTypedTest/1.ForEachInorder
[       OK ] DynSetTreeTypedTest/1.ForEachInorder (0 ms)
[ RUN      ] DynSetTreeTypedTest/1.Traverse
[       OK ] DynSetTreeTypedTest/1.Traverse (0 ms)
[ RUN      ] DynSetTreeTypedTest/1.Verify
[       OK ] DynSetTreeTypedTest/1.Verify (0 ms)
[ RUN      ] DynSetTreeTypedTest/1.StressTest
[       OK ] DynSetTreeTypedTest/1.StressTest (0 ms)
[ RUN      ] DynSetTreeTypedTest/1.AppendMethod
[       OK ] DynSetTreeTypedTest/1.AppendMethod (0 ms)
[ RUN      ] DynSetTreeTypedTest/1.PutMethod
[       OK ] DynSetTreeTypedTest/1.PutMethod (0 ms)
[ RUN      ] DynSetTreeTypedTest/1.InsertRvalue
[       OK ] DynSetTreeTypedTest/1.InsertRvalue (0 ms)
[ RUN      ] DynSetTreeTypedTest/1.AppendRvalue
[       OK ] DynSetTreeTypedTest/1.AppendRvalue (0 ms)
[ RUN      ] DynSetTreeTypedTest/1.PutRvalue
[       OK ] DynSetTreeTypedTest/1.PutRvalue (0 ms)
[ RUN      ] DynSetTreeTypedTest/1.SearchOrInsertRvalue
[       OK ] DynSetTreeTypedTest/1.SearchOrInsertRvalue (0 ms)
[ RUN      ] DynSetTreeTypedTest/1.ContainsOrInsertRvalue
[       OK ] DynSetTreeTypedTest/1.ContainsOrInsertRvalue (0 ms)
[ RUN      ] DynSetTreeTypedTest/1.InsertDupRvalue
[       OK ] DynSetTreeTypedTest/1.InsertDupRvalue (0 ms)
[ RUN      ] DynSetTreeTypedTest/1.Height
[       OK ] DynSetTreeTypedTest/1.Height (0 ms)
[ RUN      ] DynSetTreeTypedTest/1.InternalPathLength
[       OK ] DynSetTreeTypedTest/1.InternalPathLength (0 ms)
[ RUN      ] DynSetTreeTypedTest/1.GetRootNode
[       OK ] DynSetTreeTypedTest/1.GetRootNode (0 ms)
[ RUN      ] DynSetTreeTypedTest/1.GetFirstAndGetLast
[       OK ] DynSetTreeTypedTest/1.GetFirstAndGetLast (0 ms)
[ RUN      ] DynSetTreeTypedTest/1.GetMethod
[       OK ] DynSetTreeTypedTest/1.GetMethod (0 ms)
[ RUN      ] DynSetTreeTypedTest/1.GetItem
[       OK ] DynSetTreeTypedTest/1.GetItem (0 ms)
[ RUN      ] DynSetTreeTypedTest/1.ExistHasContainsConsistency
[       OK ] DynSetTreeTypedTest/1.ExistHasContainsConsistency (0 ms)
[ RUN      ] DynSetTreeTypedTest/1.CopyAssignment
[       OK ] DynSetTreeTypedTest/1.CopyAssignment (0 ms)
[ RUN      ] DynSetTreeTypedTest/1.SelfCopyAssignment
[       OK ] DynSetTreeTypedTest/1.SelfCopyAssignment (0 ms)
[ RUN      ] DynSetTreeTypedTest/1.MoveAssignment
[       OK ] DynSetTreeTypedTest/1.MoveAssignment (0 ms)
[ RUN      ] DynSetTreeTypedTest/1.SelfMoveAssignment
[       OK ] DynSetTreeTypedTest/1.SelfMoveAssignment (0 ms)
[ RUN      ] DynSetTreeTypedTest/1.IteratorOnEmptySet
[       OK ] DynSetTreeTypedTest/1.IteratorOnEmptySet (0 ms)
[ RUN      ] DynSetTreeTypedTest/1.IteratorResetFirst
[       OK ] DynSetTreeTypedTest/1.IteratorResetFirst (0 ms)
[ RUN      ] DynSetTreeTypedTest/1.IteratorResetLast
[       OK ] DynSetTreeTypedTest/1.IteratorResetLast (0 ms)
[ RUN      ] DynSetTreeTypedTest/1.TraverseEarlyExit
[       OK ] DynSetTreeTypedTest/1.TraverseEarlyExit (0 ms)
[ RUN      ] DynSetTreeTypedTest/1.TraverseConst
[       OK ] DynSetTreeTypedTest/1.TraverseConst (0 ms)
[ RUN      ] DynSetTreeTypedTest/1.VerifyEmptyTree
[       OK ] DynSetTreeTypedTest/1.VerifyEmptyTree (0 ms)
[ RUN      ] DynSetTreeTypedTest/1.VerifySingleElement
[       OK ] DynSetTreeTypedTest/1.VerifySingleElement (0 ms)
[ RUN      ] DynSetTreeTypedTest/1.Stress_AscendingInsertion
[       OK ] DynSetTreeTypedTest/1.Stress_AscendingInsertion (0 ms)
[ RUN      ] DynSetTreeTypedTest/1.Stress_DescendingInsertion
[       OK ] DynSetTreeTypedTest/1.Stress_DescendingInsertion (0 ms)
[ RUN      ] DynSetTreeTypedTest/1.Stress_BulkInsertBulkRemove
[       OK ] DynSetTreeTypedTest/1.Stress_BulkInsertBulkRemove (0 ms)
[ RUN      ] DynSetTreeTypedTest/1.Fuzz_RandomOperations
[       OK ] DynSetTreeTypedTest/1.Fuzz_RandomOperations (0 ms)
[ RUN      ] DynSetTreeTypedTest/1.Stress_AlternatingInsertRemove
[       OK ] DynSetTreeTypedTest/1.Stress_AlternatingInsertRemove (0 ms)
[----------] 47 tests from DynSetTreeTypedTest/1 (1 ms total)

[----------] 47 tests from DynSetTreeTypedTest/2, where TypeParam = Aleph::DynSetSplayTree<int,Aleph::less<int> >
[ RUN      ] DynSetTreeTypedTest/2.EmptySetProperties
[       OK ] DynSetTreeTypedTest/2.EmptySetProperties (0 ms)
[ RUN      ] DynSetTreeTypedTest/2.InsertAndSearch
[       OK ] DynSetTreeTypedTest/2.InsertAndSearch (0 ms)
[ RUN      ] DynSetTreeTypedTest/2.InsertRejectsDuplicates
[       OK ] DynSetTreeTypedTest/2.InsertRejectsDuplicates (0 ms)
[ RUN      ] DynSetTreeTypedTest/2.RemoveOperations
[       OK ] DynSetTreeTypedTest/2.RemoveOperations (0 ms)
[ RUN      ] DynSetTreeTypedTest/2.SearchOrInsert
[       OK ] DynSetTreeTypedTest/2.SearchOrInsert (0 ms)
[ RUN      ] DynSetTreeTypedTest/2.ContainsOrInsert
[       OK ] DynSetTreeTypedTest/2.ContainsOrInsert (0 ms)
[ RUN      ] DynSetTreeTypedTest/2.FindAndDel
[       OK ] DynSetTreeTypedTest/2.FindAndDel (0 ms)
[ RUN      ] DynSetTreeTypedTest/2.CopyConstructor
[       OK ] DynSetTreeTypedTest/2.CopyConstructor (0 ms)
[ RUN      ] DynSetTreeTypedTest/2.MoveConstructor
[       OK ] DynSetTreeTypedTest/2.MoveConstructor (0 ms)
[ RUN      ] DynSetTreeTypedTest/2.Swap
[       OK ] DynSetTreeTypedTest/2.Swap (0 ms)
[ RUN      ] DynSetTreeTypedTest/2.EmptyMethod
[       OK ] DynSetTreeTypedTest/2.EmptyMethod (0 ms)
[ RUN      ] DynSetTreeTypedTest/2.IteratorInOrder
[       OK ] DynSetTreeTypedTest/2.IteratorInOrder (0 ms)
[ RUN      ] DynSetTreeTypedTest/2.ForEachInorder
[       OK ] DynSetTreeTypedTest/2.ForEachInorder (0 ms)
[ RUN      ] DynSetTreeTypedTest/2.Traverse
[       OK ] DynSetTreeTypedTest/2.Traverse (0 ms)
[ RUN      ] DynSetTreeTypedTest/2.Verify
[       OK ] DynSetTreeTypedTest/2.Verify (0 ms)
[ RUN      ] DynSetTreeTypedTest/2.StressTest
[       OK ] DynSetTreeTypedTest/2.StressTest (0 ms)
[ RUN      ] DynSetTreeTypedTest/2.AppendMethod
[       OK ] DynSetTreeTypedTest/2.AppendMethod (0 ms)
[ RUN      ] DynSetTreeTypedTest/2.PutMethod
[       OK ] DynSetTreeTypedTest/2.PutMethod (0 ms)
[ RUN      ] DynSetTreeTypedTest/2.InsertRvalue
[       OK ] DynSetTreeTypedTest/2.InsertRvalue (0 ms)
[ RUN      ] DynSetTreeTypedTest/2.AppendRvalue
[       OK ] DynSetTreeTypedTest/2.AppendRvalue (0 ms)
[ RUN      ] DynSetTreeTypedTest/2.PutRvalue
[       OK ] DynSetTreeTypedTest/2.PutRvalue (0 ms)
[ RUN      ] DynSetTreeTypedTest/2.SearchOrInsertRvalue
[       OK ] DynSetTreeTypedTest/2.SearchOrInsertRvalue (0 ms)
[ RUN      ] DynSetTreeTypedTest/2.ContainsOrInsertRvalue
[       OK ] DynSetTreeTypedTest/2.ContainsOrInsertRvalue (0 ms)
[ RUN      ] DynSetTreeTypedTest/2.InsertDupRvalue
[       OK ] DynSetTreeTypedTest/2.InsertDupRvalue (0 ms)
[ RUN      ] DynSetTreeTypedTest/2.Height
[       OK ] DynSetTreeTypedTest/2.Height (0 ms)
[ RUN      ] DynSetTreeTypedTest/2.InternalPathLength
[       OK ] DynSetTreeTypedTest/2.InternalPathLength (0 ms)
[ RUN      ] DynSetTreeTypedTest/2.GetRootNode
[       OK ] DynSetTreeTypedTest/2.GetRootNode (0 ms)
[ RUN      ] DynSetTreeTypedTest/2.GetFirstAndGetLast
[       OK ] DynSetTreeTypedTest/2.GetFirstAndGetLast (0 ms)
[ RUN      ] DynSetTreeTypedTest/2.GetMethod
[       OK ] DynSetTreeTypedTest/2.GetMethod (0 ms)
[ RUN      ] DynSetTreeTypedTest/2.GetItem
[       OK ] DynSetTreeTypedTest/2.GetItem (0 ms)
[ RUN      ] DynSetTreeTypedTest/2.ExistHasContainsConsistency
[       OK ] DynSetTreeTypedTest/2.ExistHasContainsConsistency (0 ms)
[ RUN      ] DynSetTreeTypedTest/2.CopyAssignment
[       OK ] DynSetTreeTypedTest/2.CopyAssignment (0 ms)
[ RUN      ] DynSetTreeTypedTest/2.SelfCopyAssignment
[       OK ] DynSetTreeTypedTest/2.SelfCopyAssignment (0 ms)
[ RUN      ] DynSetTreeTypedTest/2.MoveAssignment
[       OK ] DynSetTreeTypedTest/2.MoveAssignment (0 ms)
[ RUN      ] DynSetTreeTypedTest/2.SelfMoveAssignment
[       OK ] DynSetTreeTypedTest/2.SelfMoveAssignment (0 ms)
[ RUN      ] DynSetTreeTypedTest/2.IteratorOnEmptySet
[       OK ] DynSetTreeTypedTest/2.IteratorOnEmptySet (0 ms)
[ RUN      ] DynSetTreeTypedTest/2.IteratorResetFirst
[       OK ] DynSetTreeTypedTest/2.IteratorResetFirst (0 ms)
[ RUN      ] DynSetTreeTypedTest/2.IteratorResetLast
[       OK ] DynSetTreeTypedTest/2.IteratorResetLast (0 ms)
[ RUN      ] DynSetTreeTypedTest/2.TraverseEarlyExit
[       OK ] DynSetTreeTypedTest/2.TraverseEarlyExit (0 ms)
[ RUN      ] DynSetTreeTypedTest/2.TraverseConst
[       OK ] DynSetTreeTypedTest/2.TraverseConst (0 ms)
[ RUN      ] DynSetTreeTypedTest/2.VerifyEmptyTree
[       OK ] DynSetTreeTypedTest/2.VerifyEmptyTree (0 ms)
[ RUN      ] DynSetTreeTypedTest/2.VerifySingleElement
[       OK ] DynSetTreeTypedTest/2.VerifySingleElement (0 ms)
[ RUN      ] DynSetTreeTypedTest/2.Stress_AscendingInsertion
[       OK ] DynSetTreeTypedTest/2.Stress_AscendingInsertion (0 ms)
[ RUN      ] DynSetTreeTypedTest/2.Stress_DescendingInsertion
[       OK ] DynSetTreeTypedTest/2.Stress_DescendingInsertion (0 ms)
[ RUN      ] DynSetTreeTypedTest/2.Stress_BulkInsertBulkRemove
[       OK ] DynSetTreeTypedTest/2.Stress_BulkInsertBulkRemove (0 ms)
[ RUN      ] DynSetTreeTypedTest/2.Fuzz_RandomOperations
[       OK ] DynSetTreeTypedTest/2.Fuzz_RandomOperations (0 ms)
[ RUN      ] DynSetTreeTypedTest/2.Stress_AlternatingInsertRemove
[       OK ] DynSetTreeTypedTest/2.Stress_AlternatingInsertRemove (0 ms)
[----------] 47 tests from DynSetTreeTypedTest/2 (1 ms total)

[----------] 47 tests from DynSetTreeTypedTest/3, where TypeParam = Aleph::DynSetRandTree<int,Aleph::less<int> >
[ RUN      ] DynSetTreeTypedTest/3.EmptySetProperties
[       OK ] DynSetTreeTypedTest/3.EmptySetProperties (0 ms)
[ RUN      ] DynSetTreeTypedTest/3.InsertAndSearch
[       OK ] DynSetTreeTypedTest/3.InsertAndSearch (0 ms)
[ RUN      ] DynSetTreeTypedTest/3.InsertRejectsDuplicates
[       OK ] DynSetTreeTypedTest/3.InsertRejectsDuplicates (0 ms)
[ RUN      ] DynSetTreeTypedTest/3.RemoveOperations
[       OK ] DynSetTreeTypedTest/3.RemoveOperations (0 ms)
[ RUN      ] DynSetTreeTypedTest/3.SearchOrInsert
[       OK ] DynSetTreeTypedTest/3.SearchOrInsert (0 ms)
[ RUN      ] DynSetTreeTypedTest/3.ContainsOrInsert
[       OK ] DynSetTreeTypedTest/3.ContainsOrInsert (0 ms)
[ RUN      ] DynSetTreeTypedTest/3.FindAndDel
[       OK ] DynSetTreeTypedTest/3.FindAndDel (0 ms)
[ RUN      ] DynSetTreeTypedTest/3.CopyConstructor
[       OK ] DynSetTreeTypedTest/3.CopyConstructor (0 ms)
[ RUN      ] DynSetTreeTypedTest/3.MoveConstructor
[       OK ] DynSetTreeTypedTest/3.MoveConstructor (0 ms)
[ RUN      ] DynSetTreeTypedTest/3.Swap
[       OK ] DynSetTreeTypedTest/3.Swap (0 ms)
[ RUN      ] DynSetTreeTypedTest/3.EmptyMethod
[       OK ] DynSetTreeTypedTest/3.EmptyMethod (0 ms)
[ RUN      ] DynSetTreeTypedTest/3.IteratorInOrder
[       OK ] DynSetTreeTypedTest/3.IteratorInOrder (0 ms)
[ RUN      ] DynSetTreeTypedTest/3.ForEachInorder
[       OK ] DynSetTreeTypedTest/3.ForEachInorder (0 ms)
[ RUN      ] DynSetTreeTypedTest/3.Traverse
[       OK ] DynSetTreeTypedTest/3.Traverse (0 ms)
[ RUN      ] DynSetTreeTypedTest/3.Verify
[       OK ] DynSetTreeTypedTest/3.Verify (0 ms)
[ RUN      ] DynSetTreeTypedTest/3.StressTest
[       OK ] DynSetTreeTypedTest/3.StressTest (0 ms)
[ RUN      ] DynSetTreeTypedTest/3.AppendMethod
[       OK ] DynSetTreeTypedTest/3.AppendMethod (0 ms)
[ RUN      ] DynSetTreeTypedTest/3.PutMethod
[       OK ] DynSetTreeTypedTest/3.PutMethod (0 ms)
[ RUN      ] DynSetTreeTypedTest/3.InsertRvalue
[       OK ] DynSetTreeTypedTest/3.InsertRvalue (0 ms)
[ RUN      ] DynSetTreeTypedTest/3.AppendRvalue
[       OK ] DynSetTreeTypedTest/3.AppendRvalue (0 ms)
[ RUN      ] DynSetTreeTypedTest/3.PutRvalue
[       OK ] DynSetTreeTypedTest/3.PutRvalue (0 ms)
[ RUN      ] DynSetTreeTypedTest/3.SearchOrInsertRvalue
[       OK ] DynSetTreeTypedTest/3.SearchOrInsertRvalue (0 ms)
[ RUN      ] DynSetTreeTypedTest/3.ContainsOrInsertRvalue
[       OK ] DynSetTreeTypedTest/3.ContainsOrInsertRvalue (0 ms)
[ RUN      ] DynSetTreeTypedTest/3.InsertDupRvalue
[       OK ] DynSetTreeTypedTest/3.InsertDupRvalue (0 ms)
[ RUN      ] DynSetTreeTypedTest/3.Height
[       OK ] DynSetTreeTypedTest/3.Height (0 ms)
[ RUN      ] DynSetTreeTypedTest/3.InternalPathLength
[       OK ] DynSetTreeTypedTest/3.InternalPathLength (0 ms)
[ RUN      ] DynSetTreeTypedTest/3.GetRootNode
[       OK ] DynSetTreeTypedTest/3.GetRootNode (0 ms)
[ RUN      ] DynSetTreeTypedTest/3.GetFirstAndGetLast
[       OK ] DynSetTreeTypedTest/3.GetFirstAndGetLast (0 ms)
[ RUN      ] DynSetTreeTypedTest/3.GetMethod
[       OK ] DynSetTreeTypedTest/3.GetMethod (0 ms)
[ RUN      ] DynSetTreeTypedTest/3.GetItem
[       OK ] DynSetTreeTypedTest/3.GetItem (0 ms)
[ RUN      ] DynSetTreeTypedTest/3.ExistHasContainsConsistency
[       OK ] DynSetTreeTypedTest/3.ExistHasContainsConsistency (0 ms)
[ RUN      ] DynSetTreeTypedTest/3.CopyAssignment
[       OK ] DynSetTreeTypedTest/3.CopyAssignment (0 ms)
[ RUN      ] DynSetTreeTypedTest/3.SelfCopyAssignment
[       OK ] DynSetTreeTypedTest/3.SelfCopyAssignment (0 ms)
[ RUN      ] DynSetTreeTypedTest/3.MoveAssignment
[       OK ] DynSetTreeTypedTest/3.MoveAssignment (0 ms)
[ RUN      ] DynSetTreeTypedTest/3.SelfMoveAssignment
[       OK ] DynSetTreeTypedTest/3.SelfMoveAssignment (0 ms)
[ RUN      ] DynSetTreeTypedTest/3.IteratorOnEmptySet
[       OK ] DynSetTreeTypedTest/3.IteratorOnEmptySet (0 ms)
[ RUN      ] DynSetTreeTypedTest/3.IteratorResetFirst
[       OK ] DynSetTreeTypedTest/3.IteratorResetFirst (0 ms)
[ RUN      ] DynSetTreeTypedTest/3.IteratorResetLast
[       OK ] DynSetTreeTypedTest/3.IteratorResetLast (0 ms)
[ RUN      ] DynSetTreeTypedTest/3.TraverseEarlyExit
[       OK ] DynSetTreeTypedTest/3.TraverseEarlyExit (0 ms)
[ RUN      ] DynSetTreeTypedTest/3.TraverseConst
[       OK ] DynSetTreeTypedTest/3.TraverseConst (0 ms)
[ RUN      ] DynSetTreeTypedTest/3.VerifyEmptyTree
[       OK ] DynSetTreeTypedTest/3.VerifyEmptyTree (0 ms)
[ RUN      ] DynSetTreeTypedTest/3.VerifySingleElement
[       OK ] DynSetTreeTypedTest/3.VerifySingleElement (0 ms)
[ RUN      ] DynSetTreeTypedTest/3.Stress_AscendingInsertion
[       OK ] DynSetTreeTypedTest/3.Stress_AscendingInsertion (0 ms)
[ RUN      ] DynSetTreeTypedTest/3.Stress_DescendingInsertion
[       OK ] DynSetTreeTypedTest/3.Stress_DescendingInsertion (0 ms)
[ RUN      ] DynSetTreeTypedTest/3.Stress_BulkInsertBulkRemove
[       OK ] DynSetTreeTypedTest/3.Stress_BulkInsertBulkRemove (0 ms)
[ RUN      ] DynSetTreeTypedTest/3.Fuzz_RandomOperations
[       OK ] DynSetTreeTypedTest/3.Fuzz_RandomOperations (0 ms)
[ RUN      ] DynSetTreeTypedTest/3.Stress_AlternatingInsertRemove
[       OK ] DynSetTreeTypedTest/3.Stress_AlternatingInsertRemove (0 ms)
[----------] 47 tests from DynSetTreeTypedTest/3 (2 ms total)

[----------] 47 tests from DynSetTreeTypedTest/4, where TypeParam = Aleph::DynSetTreap<int,Aleph::less<int> >
[ RUN      ] DynSetTreeTypedTest/4.EmptySetProperties
[       OK ] DynSetTreeTypedTest/4.EmptySetProperties (0 ms)
[ RUN      ] DynSetTreeTypedTest/4.InsertAndSearch
[       OK ] DynSetTreeTypedTest/4.InsertAndSearch (0 ms)
[ RUN      ] DynSetTreeTypedTest/4.InsertRejectsDuplicates
[       OK ] DynSetTreeTypedTest/4.InsertRejectsDuplicates (0 ms)
[ RUN      ] DynSetTreeTypedTest/4.RemoveOperations
[       OK ] DynSetTreeTypedTest/4.RemoveOperations (0 ms)
[ RUN      ] DynSetTreeTypedTest/4.SearchOrInsert
[       OK ] DynSetTreeTypedTest/4.SearchOrInsert (0 ms)
[ RUN      ] DynSetTreeTypedTest/4.ContainsOrInsert
[       OK ] DynSetTreeTypedTest/4.ContainsOrInsert (0 ms)
[ RUN      ] DynSetTreeTypedTest/4.FindAndDel
[       OK ] DynSetTreeTypedTest/4.FindAndDel (0 ms)
[ RUN      ] DynSetTreeTypedTest/4.CopyConstructor
[       OK ] DynSetTreeTypedTest/4.CopyConstructor (0 ms)
[ RUN      ] DynSetTreeTypedTest/4.MoveConstructor
[       OK ] DynSetTreeTypedTest/4.MoveConstructor (0 ms)
[ RUN      ] DynSetTreeTypedTest/4.Swap
[       OK ] DynSetTreeTypedTest/4.Swap (0 ms)
[ RUN      ] DynSetTreeTypedTest/4.EmptyMethod
[       OK ] DynSetTreeTypedTest/4.EmptyMethod (0 ms)
[ RUN      ] DynSetTreeTypedTest/4.IteratorInOrder
[       OK ] DynSetTreeTypedTest/4.IteratorInOrder (0 ms)
[ RUN      ] DynSetTreeTypedTest/4.ForEachInorder
[       OK ] DynSetTreeTypedTest/4.ForEachInorder (0 ms)
[ RUN      ] DynSetTreeTypedTest/4.Traverse
[       OK ] DynSetTreeTypedTest/4.Traverse (0 ms)
[ RUN      ] DynSetTreeTypedTest/4.Verify
[       OK ] DynSetTreeTypedTest/4.Verify (0 ms)
[ RUN      ] DynSetTreeTypedTest/4.StressTest
[       OK ] DynSetTreeTypedTest/4.StressTest (0 ms)
[ RUN      ] DynSetTreeTypedTest/4.AppendMethod
[       OK ] DynSetTreeTypedTest/4.AppendMethod (0 ms)
[ RUN      ] DynSetTreeTypedTest/4.PutMethod
[       OK ] DynSetTreeTypedTest/4.PutMethod (0 ms)
[ RUN      ] DynSetTreeTypedTest/4.InsertRvalue
[       OK ] DynSetTreeTypedTest/4.InsertRvalue (0 ms)
[ RUN      ] DynSetTreeTypedTest/4.AppendRvalue
[       OK ] DynSetTreeTypedTest/4.AppendRvalue (0 ms)
[ RUN      ] DynSetTreeTypedTest/4.PutRvalue
[       OK ] DynSetTreeTypedTest/4.PutRvalue (0 ms)
[ RUN      ] DynSetTreeTypedTest/4.SearchOrInsertRvalue
[       OK ] DynSetTreeTypedTest/4.SearchOrInsertRvalue (0 ms)
[ RUN      ] DynSetTreeTypedTest/4.ContainsOrInsertRvalue
[       OK ] DynSetTreeTypedTest/4.ContainsOrInsertRvalue (0 ms)
[ RUN      ] DynSetTreeTypedTest/4.InsertDupRvalue
[       OK ] DynSetTreeTypedTest/4.InsertDupRvalue (0 ms)
[ RUN      ] DynSetTreeTypedTest/4.Height
[       OK ] DynSetTreeTypedTest/4.Height (0 ms)
[ RUN      ] DynSetTreeTypedTest/4.InternalPathLength
[       OK ] DynSetTreeTypedTest/4.InternalPathLength (0 ms)
[ RUN      ] DynSetTreeTypedTest/4.GetRootNode
[       OK ] DynSetTreeTypedTest/4.GetRootNode (0 ms)
[ RUN      ] DynSetTreeTypedTest/4.GetFirstAndGetLast
[       OK ] DynSetTreeTypedTest/4.GetFirstAndGetLast (0 ms)
[ RUN      ] DynSetTreeTypedTest/4.GetMethod
[       OK ] DynSetTreeTypedTest/4.GetMethod (0 ms)
[ RUN      ] DynSetTreeTypedTest/4.GetItem
[       OK ] DynSetTreeTypedTest/4.GetItem (0 ms)
[ RUN      ] DynSetTreeTypedTest/4.ExistHasContainsConsistency
[       OK ] DynSetTreeTypedTest/4.ExistHasContainsConsistency (0 ms)
[ RUN      ] DynSetTreeTypedTest/4.CopyAssignment
[       OK ] DynSetTreeTypedTest/4.CopyAssignment (0 ms)
[ RUN      ] DynSetTreeTypedTest/4.SelfCopyAssignment
[       OK ] DynSetTreeTypedTest/4.SelfCopyAssignment (0 ms)
[ RUN      ] DynSetTreeTypedTest/4.MoveAssignment
[       OK ] DynSetTreeTypedTest/4.MoveAssignment (0 ms)
[ RUN      ] DynSetTreeTypedTest/4.SelfMoveAssignment
[       OK ] DynSetTreeTypedTest/4.SelfMoveAssignment (0 ms)
[ RUN      ] DynSetTreeTypedTest/4.IteratorOnEmptySet
[       OK ] DynSetTreeTypedTest/4.IteratorOnEmptySet (0 ms)
[ RUN      ] DynSetTreeTypedTest/4.IteratorResetFirst
[       OK ] DynSetTreeTypedTest/4.IteratorResetFirst (0 ms)
[ RUN      ] DynSetTreeTypedTest/4.IteratorResetLast
[       OK ] DynSetTreeTypedTest/4.IteratorResetLast (0 ms)
[ RUN      ] DynSetTreeTypedTest/4.TraverseEarlyExit
[       OK ] DynSetTreeTypedTest/4.TraverseEarlyExit (0 ms)
[ RUN      ] DynSetTreeTypedTest/4.TraverseConst
[       OK ] DynSetTreeTypedTest/4.TraverseConst (0 ms)
[ RUN      ] DynSetTreeTypedTest/4.VerifyEmptyTree
[       OK ] DynSetTreeTypedTest/4.VerifyEmptyTree (0 ms)
[ RUN      ] DynSetTreeTypedTest/4.VerifySingleElement
[       OK ] DynSetTreeTypedTest/4.VerifySingleElement (0 ms)
[ RUN      ] DynSetTreeTypedTest/4.Stress_AscendingInsertion
[       OK ] DynSetTreeTypedTest/4.Stress_AscendingInsertion (0 ms)
[ RUN      ] DynSetTreeTypedTest/4.Stress_DescendingInsertion
[       OK ] DynSetTreeTypedTest/4.Stress_DescendingInsertion (0 ms)
[ RUN      ] DynSetTreeTypedTest/4.Stress_BulkInsertBulkRemove
[       OK ] DynSetTreeTypedTest/4.Stress_BulkInsertBulkRemove (0 ms)
[ RUN      ] DynSetTreeTypedTest/4.Fuzz_RandomOperations
[       OK ] DynSetTreeTypedTest/4.Fuzz_RandomOperations (0 ms)
[ RUN      ] DynSetTreeTypedTest/4.Stress_AlternatingInsertRemove
[       OK ] DynSetTreeTypedTest/4.Stress_AlternatingInsertRemove (0 ms)
[----------] 47 tests from DynSetTreeTypedTest/4 (1 ms total)

[----------] 47 tests from DynSetTreeTypedTest/5, where TypeParam = Aleph::DynSetTreapRk<int,Aleph::less<int> >
[ RUN      ] DynSetTreeTypedTest/5.EmptySetProperties
[       OK ] DynSetTreeTypedTest/5.EmptySetProperties (0 ms)
[ RUN      ] DynSetTreeTypedTest/5.InsertAndSearch
[       OK ] DynSetTreeTypedTest/5.InsertAndSearch (0 ms)
[ RUN      ] DynSetTreeTypedTest/5.InsertRejectsDuplicates
[       OK ] DynSetTreeTypedTest/5.InsertRejectsDuplicates (0 ms)
[ RUN      ] DynSetTreeTypedTest/5.RemoveOperations
[       OK ] DynSetTreeTypedTest/5.RemoveOperations (0 ms)
[ RUN      ] DynSetTreeTypedTest/5.SearchOrInsert
[       OK ] DynSetTreeTypedTest/5.SearchOrInsert (0 ms)
[ RUN      ] DynSetTreeTypedTest/5.ContainsOrInsert
[       OK ] DynSetTreeTypedTest/5.ContainsOrInsert (0 ms)
[ RUN      ] DynSetTreeTypedTest/5.FindAndDel
[       OK ] DynSetTreeTypedTest/5.FindAndDel (0 ms)
[ RUN      ] DynSetTreeTypedTest/5.CopyConstructor
[       OK ] DynSetTreeTypedTest/5.CopyConstructor (0 ms)
[ RUN      ] DynSetTreeTypedTest/5.MoveConstructor
[       OK ] DynSetTreeTypedTest/5.MoveConstructor (0 ms)
[ RUN      ] DynSetTreeTypedTest/5.Swap
[       OK ] DynSetTreeTypedTest/5.Swap (0 ms)
[ RUN      ] DynSetTreeTypedTest/5.EmptyMethod
[       OK ] DynSetTreeTypedTest/5.EmptyMethod (0 ms)
[ RUN      ] DynSetTreeTypedTest/5.IteratorInOrder
[       OK ] DynSetTreeTypedTest/5.IteratorInOrder (0 ms)
[ RUN      ] DynSetTreeTypedTest/5.ForEachInorder
[       OK ] DynSetTreeTypedTest/5.ForEachInorder (0 ms)
[ RUN      ] DynSetTreeTypedTest/5.Traverse
[       OK ] DynSetTreeTypedTest/5.Traverse (0 ms)
[ RUN      ] DynSetTreeTypedTest/5.Verify
[       OK ] DynSetTreeTypedTest/5.Verify (0 ms)
[ RUN      ] DynSetTreeTypedTest/5.StressTest
[       OK ] DynSetTreeTypedTest/5.StressTest (0 ms)
[ RUN      ] DynSetTreeTypedTest/5.AppendMethod
[       OK ] DynSetTreeTypedTest/5.AppendMethod (0 ms)
[ RUN      ] DynSetTreeTypedTest/5.PutMethod
[       OK ] DynSetTreeTypedTest/5.PutMethod (0 ms)
[ RUN      ] DynSetTreeTypedTest/5.InsertRvalue
[       OK ] DynSetTreeTypedTest/5.InsertRvalue (0 ms)
[ RUN      ] DynSetTreeTypedTest/5.AppendRvalue
[       OK ] DynSetTreeTypedTest/5.AppendRvalue (0 ms)
[ RUN      ] DynSetTreeTypedTest/5.PutRvalue
[       OK ] DynSetTreeTypedTest/5.PutRvalue (0 ms)
[ RUN      ] DynSetTreeTypedTest/5.SearchOrInsertRvalue
[       OK ] DynSetTreeTypedTest/5.SearchOrInsertRvalue (0 ms)
[ RUN      ] DynSetTreeTypedTest/5.ContainsOrInsertRvalue
[       OK ] DynSetTreeTypedTest/5.ContainsOrInsertRvalue (0 ms)
[ RUN      ] DynSetTreeTypedTest/5.InsertDupRvalue
[       OK ] DynSetTreeTypedTest/5.InsertDupRvalue (0 ms)
[ RUN      ] DynSetTreeTypedTest/5.Height
[       OK ] DynSetTreeTypedTest/5.Height (0 ms)
[ RUN      ] DynSetTreeTypedTest/5.InternalPathLength
[       OK ] DynSetTreeTypedTest/5.InternalPathLength (0 ms)
[ RUN      ] DynSetTreeTypedTest/5.GetRootNode
[       OK ] DynSetTreeTypedTest/5.GetRootNode (0 ms)
[ RUN      ] DynSetTreeTypedTest/5.GetFirstAndGetLast
[       OK ] DynSetTreeTypedTest/5.GetFirstAndGetLast (0 ms)
[ RUN      ] DynSetTreeTypedTest/5.GetMethod
[       OK ] DynSetTreeTypedTest/5.GetMethod (0 ms)
[ RUN      ] DynSetTreeTypedTest/5.GetItem
[       OK ] DynSetTreeTypedTest/5.GetItem (0 ms)
[ RUN      ] DynSetTreeTypedTest/5.ExistHasContainsConsistency
[       OK ] DynSetTreeTypedTest/5.ExistHasContainsConsistency (0 ms)
[ RUN      ] DynSetTreeTypedTest/5.CopyAssignment
[       OK ] DynSetTreeTypedTest/5.CopyAssignment (0 ms)
[ RUN      ] DynSetTreeTypedTest/5.SelfCopyAssignment
[       OK ] DynSetTreeTypedTest/5.SelfCopyAssignment (0 ms)
[ RUN      ] DynSetTreeTypedTest/5.MoveAssignment
[       OK ] DynSetTreeTypedTest/5.MoveAssignment (0 ms)
[ RUN      ] DynSetTreeTypedTest/5.SelfMoveAssignment
[       OK ] DynSetTreeTypedTest/5.SelfMoveAssignment (0 ms)
[ RUN      ] DynSetTreeTypedTest/5.IteratorOnEmptySet
[       OK ] DynSetTreeTypedTest/5.IteratorOnEmptySet (0 ms)
[ RUN      ] DynSetTreeTypedTest/5.IteratorResetFirst
[       OK ] DynSetTreeTypedTest/5.IteratorResetFirst (0 ms)
[ RUN      ] DynSetTreeTypedTest/5.IteratorResetLast
[       OK ] DynSetTreeTypedTest/5.IteratorResetLast (0 ms)
[ RUN      ] DynSetTreeTypedTest/5.TraverseEarlyExit
[       OK ] DynSetTreeTypedTest/5.TraverseEarlyExit (0 ms)
[ RUN      ] DynSetTreeTypedTest/5.TraverseConst
[       OK ] DynSetTreeTypedTest/5.TraverseConst (0 ms)
[ RUN      ] DynSetTreeTypedTest/5.VerifyEmptyTree
[       OK ] DynSetTreeTypedTest/5.VerifyEmptyTree (0 ms)
[ RUN      ] DynSetTreeTypedTest/5.VerifySingleElement
[       OK ] DynSetTreeTypedTest/5.VerifySingleElement (0 ms)
[ RUN      ] DynSetTreeTypedTest/5.Stress_AscendingInsertion
[       OK ] DynSetTreeTypedTest/5.Stress_AscendingInsertion (0 ms)
[ RUN      ] DynSetTreeTypedTest/5.Stress_DescendingInsertion
[       OK ] DynSetTreeTypedTest/5.Stress_DescendingInsertion (0 ms)
[ RUN      ] DynSetTreeTypedTest/5.Stress_BulkInsertBulkRemove
[       OK ] DynSetTreeTypedTest/5.Stress_BulkInsertBulkRemove (0 ms)
[ RUN      ] DynSetTreeTypedTest/5.Fuzz_RandomOperations
[       OK ] DynSetTreeTypedTest/5.Fuzz_RandomOperations (0 ms)
[ RUN      ] DynSetTreeTypedTest/5.Stress_AlternatingInsertRemove
[       OK ] DynSetTreeTypedTest/5.Stress_AlternatingInsertRemove (0 ms)
[----------] 47 tests from DynSetTreeTypedTest/5 (1 ms total)

[----------] 47 tests from DynSetTreeTypedTest/6, where TypeParam = Aleph::DynSetRbTree<int,Aleph::less<int> >
[ RUN      ] DynSetTreeTypedTest/6.EmptySetProperties
[       OK ] DynSetTreeTypedTest/6.EmptySetProperties (0 ms)
[ RUN      ] DynSetTreeTypedTest/6.InsertAndSearch
[       OK ] DynSetTreeTypedTest/6.InsertAndSearch (0 ms)
[ RUN      ] DynSetTreeTypedTest/6.InsertRejectsDuplicates
[       OK ] DynSetTreeTypedTest/6.InsertRejectsDuplicates (0 ms)
[ RUN      ] DynSetTreeTypedTest/6.RemoveOperations
[       OK ] DynSetTreeTypedTest/6.RemoveOperations (0 ms)
[ RUN      ] DynSetTreeTypedTest/6.SearchOrInsert
[       OK ] DynSetTreeTypedTest/6.SearchOrInsert (0 ms)
[ RUN      ] DynSetTreeTypedTest/6.ContainsOrInsert
[       OK ] DynSetTreeTypedTest/6.ContainsOrInsert (0 ms)
[ RUN      ] DynSetTreeTypedTest/6.FindAndDel
[       OK ] DynSetTreeTypedTest/6.FindAndDel (0 ms)
[ RUN      ] DynSetTreeTypedTest/6.CopyConstructor
[       OK ] DynSetTreeTypedTest/6.CopyConstructor (0 ms)
[ RUN      ] DynSetTreeTypedTest/6.MoveConstructor
[       OK ] DynSetTreeTypedTest/6.MoveConstructor (0 ms)
[ RUN      ] DynSetTreeTypedTest/6.Swap
[       OK ] DynSetTreeTypedTest/6.Swap (0 ms)
[ RUN      ] DynSetTreeTypedTest/6.EmptyMethod
[       OK ] DynSetTreeTypedTest/6.EmptyMethod (0 ms)
[ RUN      ] DynSetTreeTypedTest/6.IteratorInOrder
[       OK ] DynSetTreeTypedTest/6.IteratorInOrder (0 ms)
[ RUN      ] DynSetTreeTypedTest/6.ForEachInorder
[       OK ] DynSetTreeTypedTest/6.ForEachInorder (0 ms)
[ RUN      ] DynSetTreeTypedTest/6.Traverse
[       OK ] DynSetTreeTypedTest/6.Traverse (0 ms)
[ RUN      ] DynSetTreeTypedTest/6.Verify
[       OK ] DynSetTreeTypedTest/6.Verify (0 ms)
[ RUN      ] DynSetTreeTypedTest/6.StressTest
[       OK ] DynSetTreeTypedTest/6.StressTest (0 ms)
[ RUN      ] DynSetTreeTypedTest/6.AppendMethod
[       OK ] DynSetTreeTypedTest/6.AppendMethod (0 ms)
[ RUN      ] DynSetTreeTypedTest/6.PutMethod
[       OK ] DynSetTreeTypedTest/6.PutMethod (0 ms)
[ RUN      ] DynSetTreeTypedTest/6.InsertRvalue
[       OK ] DynSetTreeTypedTest/6.InsertRvalue (0 ms)
[ RUN      ] DynSetTreeTypedTest/6.AppendRvalue
[       OK ] DynSetTreeTypedTest/6.AppendRvalue (0 ms)
[ RUN      ] DynSetTreeTypedTest/6.PutRvalue
[       OK ] DynSetTreeTypedTest/6.PutRvalue (0 ms)
[ RUN      ] DynSetTreeTypedTest/6.SearchOrInsertRvalue
[       OK ] DynSetTreeTypedTest/6.SearchOrInsertRvalue (0 ms)
[ RUN      ] DynSetTreeTypedTest/6.ContainsOrInsertRvalue
[       OK ] DynSetTreeTypedTest/6.ContainsOrInsertRvalue (0 ms)
[ RUN      ] DynSetTreeTypedTest/6.InsertDupRvalue
[       OK ] DynSetTreeTypedTest/6.InsertDupRvalue (0 ms)
[ RUN      ] DynSetTreeTypedTest/6.Height
[       OK ] DynSetTreeTypedTest/6.Height (0 ms)
[ RUN      ] DynSetTreeTypedTest/6.InternalPathLength
[       OK ] DynSetTreeTypedTest/6.InternalPathLength (0 ms)
[ RUN      ] DynSetTreeTypedTest/6.GetRootNode
[       OK ] DynSetTreeTypedTest/6.GetRootNode (0 ms)
[ RUN      ] DynSetTreeTypedTest/6.GetFirstAndGetLast
[       OK ] DynSetTreeTypedTest/6.GetFirstAndGetLast (0 ms)
[ RUN      ] DynSetTreeTypedTest/6.GetMethod
[       OK ] DynSetTreeTypedTest/6.GetMethod (0 ms)
[ RUN      ] DynSetTreeTypedTest/6.GetItem
[       OK ] DynSetTreeTypedTest/6.GetItem (0 ms)
[ RUN      ] DynSetTreeTypedTest/6.ExistHasContainsConsistency
[       OK ] DynSetTreeTypedTest/6.ExistHasContainsConsistency (0 ms)
[ RUN      ] DynSetTreeTypedTest/6.CopyAssignment
[       OK ] DynSetTreeTypedTest/6.CopyAssignment (0 ms)
[ RUN      ] DynSetTreeTypedTest/6.SelfCopyAssignment
[       OK ] DynSetTreeTypedTest/6.SelfCopyAssignment (0 ms)
[ RUN      ] DynSetTreeTypedTest/6.MoveAssignment
[       OK ] DynSetTreeTypedTest/6.MoveAssignment (0 ms)
[ RUN      ] DynSetTreeTypedTest/6.SelfMoveAssignment
[       OK ] DynSetTreeTypedTest/6.SelfMoveAssignment (0 ms)
[ RUN      ] DynSetTreeTypedTest/6.IteratorOnEmptySet
[       OK ] DynSetTreeTypedTest/6.IteratorOnEmptySet (0 ms)
[ RUN      ] DynSetTreeTypedTest/6.IteratorResetFirst
[       OK ] DynSetTreeTypedTest/6.IteratorResetFirst (0 ms)
[ RUN      ] DynSetTreeTypedTest/6.IteratorResetLast
[       OK ] DynSetTreeTypedTest/6.IteratorResetLast (0 ms)
[ RUN      ] DynSetTreeTypedTest/6.TraverseEarlyExit
[       OK ] DynSetTreeTypedTest/6.TraverseEarlyExit (0 ms)
[ RUN      ] DynSetTreeTypedTest/6.TraverseConst
[       OK ] DynSetTreeTypedTest/6.TraverseConst (0 ms)
[ RUN      ] DynSetTreeTypedTest/6.VerifyEmptyTree
[       OK ] DynSetTreeTypedTest/6.VerifyEmptyTree (0 ms)
[ RUN      ] DynSetTreeTypedTest/6.VerifySingleElement
[       OK ] DynSetTreeTypedTest/6.VerifySingleElement (0 ms)
[ RUN      ] DynSetTreeTypedTest/6.Stress_AscendingInsertion
[       OK ] DynSetTreeTypedTest/6.Stress_AscendingInsertion (0 ms)
[ RUN      ] DynSetTreeTypedTest/6.Stress_DescendingInsertion
[       OK ] DynSetTreeTypedTest/6.Stress_DescendingInsertion (0 ms)
[ RUN      ] DynSetTreeTypedTest/6.Stress_BulkInsertBulkRemove
[       OK ] DynSetTreeTypedTest/6.Stress_BulkInsertBulkRemove (0 ms)
[ RUN      ] DynSetTreeTypedTest/6.Fuzz_RandomOperations
[       OK ] DynSetTreeTypedTest/6.Fuzz_RandomOperations (0 ms)
[ RUN      ] DynSetTreeTypedTest/6.Stress_AlternatingInsertRemove
[       OK ] DynSetTreeTypedTest/6.Stress_AlternatingInsertRemove (0 ms)
[----------] 47 tests from DynSetTreeTypedTest/6 (1 ms total)

[----------] 26 tests from DynSetTreapRk
[ RUN      ] DynSetTreapRk.SelectByPosition
[       OK ] DynSetTreapRk.SelectByPosition (0 ms)
[ RUN      ] DynSetTreapRk.Position
[       OK ] DynSetTreapRk.Position (0 ms)
[ RUN      ] DynSetTreapRk.FindPosition
[       OK ] DynSetTreapRk.FindPosition (0 ms)
[ RUN      ] DynSetTreapRk.RemovePos
[       OK ] DynSetTreapRk.RemovePos (0 ms)
[ RUN      ] DynSetTreapRk.OperatorParenthesis
[       OK ] DynSetTreapRk.OperatorParenthesis (0 ms)
[ RUN      ] DynSetTreapRk.SplitKey
[       OK ] DynSetTreapRk.SplitKey (0 ms)
[ RUN      ] DynSetTreapRk.SplitKeyDup
[       OK ] DynSetTreapRk.SplitKeyDup (0 ms)
[ RUN      ] DynSetTreapRk.SplitPos
[       OK ] DynSetTreapRk.SplitPos (0 ms)
[ RUN      ] DynSetTreapRk.SplitPosEdgeCases
[       OK ] DynSetTreapRk.SplitPosEdgeCases (0 ms)
[ RUN      ] DynSetTreapRk.RankOperationsOutOfRange
[       OK ] DynSetTreapRk.RankOperationsOutOfRange (0 ms)
[ RUN      ] DynSetTreapRk.Join
[       OK ] DynSetTreapRk.Join (0 ms)
[ RUN      ] DynSetTreapRk.JoinWithDuplicates
[       OK ] DynSetTreapRk.JoinWithDuplicates (0 ms)
[ RUN      ] DynSetTreapRk.JoinDup
[       OK ] DynSetTreapRk.JoinDup (0 ms)
[ RUN      ] DynSetTreapRk.SplitKeyWhenKeyExists
[       OK ] DynSetTreapRk.SplitKeyWhenKeyExists (0 ms)
[ RUN      ] DynSetTreapRk.SplitKeyEmptySet
[       OK ] DynSetTreapRk.SplitKeyEmptySet (0 ms)
[ RUN      ] DynSetTreapRk.SplitKeyDupEmptySet
[       OK ] DynSetTreapRk.SplitKeyDupEmptySet (0 ms)
[ RUN      ] DynSetTreapRk.AccessMethod
[       OK ] DynSetTreapRk.AccessMethod (0 ms)
[ RUN      ] DynSetTreapRk.SelectOutOfRange
[       OK ] DynSetTreapRk.SelectOutOfRange (0 ms)
[ RUN      ] DynSetTreapRk.SelectOnEmptySet
[       OK ] DynSetTreapRk.SelectOnEmptySet (0 ms)
[ RUN      ] DynSetTreapRk.RemovePosOutOfRange
[       OK ] DynSetTreapRk.RemovePosOutOfRange (0 ms)
[ RUN      ] DynSetTreapRk.FindPositionOnEmptySet
[       OK ] DynSetTreapRk.FindPositionOnEmptySet (0 ms)
[ RUN      ] DynSetTreapRk.PositionNotFound
[       OK ] DynSetTreapRk.PositionNotFound (0 ms)
[ RUN      ] DynSetTreapRk.ConstSelect
[       OK ] DynSetTreapRk.ConstSelect (0 ms)
[ RUN      ] DynSetTreapRk.JoinEmptySets
[       OK ] DynSetTreapRk.JoinEmptySets (0 ms)
[ RUN      ] DynSetTreapRk.JoinWithEmptySet
[       OK ] DynSetTreapRk.JoinWithEmptySet (0 ms)
[ RUN      ] DynSetTreapRk.JoinDupEmptySets
[       OK ] DynSetTreapRk.JoinDupEmptySets (0 ms)
[----------] 26 tests from DynSetTreapRk (0 ms total)

[----------] 18 tests from DynSetTree
[ RUN      ] DynSetTree.InsertDupTraversesDuplicates
[       OK ] DynSetTree.InsertDupTraversesDuplicates (0 ms)
[ RUN      ] DynSetTree.RangeMethodsThrowOnNonRankTrees
[       OK ] DynSetTree.RangeMethodsThrowOnNonRankTrees (0 ms)
[ RUN      ] DynSetTree.CustomComparatorGreater
[       OK ] DynSetTree.CustomComparatorGreater (0 ms)
[ RUN      ] DynSetTree.OperatorBracketConstThrows
[       OK ] DynSetTree.OperatorBracketConstThrows (0 ms)
[ RUN      ] DynSetTree.OperatorBracketNonConstInserts
[       OK ] DynSetTree.OperatorBracketNonConstInserts (0 ms)
[ RUN      ] DynSetTree.VerifyValidTree
[       OK ] DynSetTree.VerifyValidTree (0 ms)
[ RUN      ] DynSetTree.LargeSetOperations
[       OK ] DynSetTree.LargeSetOperations (0 ms)
[ RUN      ] DynSetTree.RandomInsertRemove
[       OK ] DynSetTree.RandomInsertRemove (0 ms)
[ RUN      ] DynSetTree.StringKeys
[       OK ] DynSetTree.StringKeys (0 ms)
[ RUN      ] DynSetTree.SingleElement
[       OK ] DynSetTree.SingleElement (0 ms)
[ RUN      ] DynSetTree.InsertRemoveRepeated
[       OK ] DynSetTree.InsertRemoveRepeated (0 ms)
[ RUN      ] DynSetTree.AccessMethods
[       OK ] DynSetTree.AccessMethods (0 ms)
[ RUN      ] DynSetTree.InitializerListConstruction
[       OK ] DynSetTree.InitializerListConstruction (0 ms)
[ RUN      ] DynSetTree.InitializerListConstructionWithDuplicates
[       OK ] DynSetTree.InitializerListConstructionWithDuplicates (0 ms)
[ RUN      ] DynSetTree.InitializerListEmpty
[       OK ] DynSetTree.InitializerListEmpty (0 ms)
[ RUN      ] DynSetTree.OperatorParenthesisOnNonRankTreeThrows
[       OK ] DynSetTree.OperatorParenthesisOnNonRankTreeThrows (0 ms)
[ RUN      ] DynSetTree.StringRvalueInsert
[       OK ] DynSetTree.StringRvalueInsert (0 ms)
[ RUN      ] DynSetTree.StringRvalueSearchOrInsert
[       OK ] DynSetTree.StringRvalueSearchOrInsert (0 ms)
[----------] 18 tests from DynSetTree (0 ms total)

[----------] 3 tests from DynSetTreeHardening
[ RUN      ] DynSetTreeHardening.InsertDoesNotLeakOnThrow
[       OK ] DynSetTreeHardening.InsertDoesNotLeakOnThrow (0 ms)
[ RUN      ] DynSetTreeHardening.SearchOrInsertDoesNotLeakOnThrow
[       OK ] DynSetTreeHardening.SearchOrInsertDoesNotLeakOnThrow (0 ms)
[ RUN      ] DynSetTreeHardening.ContainsOrInsertDoesNotLeakOnThrow
[       OK ] DynSetTreeHardening.ContainsOrInsertDoesNotLeakOnThrow (0 ms)
[----------] 3 tests from DynSetTreeHardening (0 ms total)

[----------] 7 tests from DynSetTreeAliases
[ RUN      ] DynSetTreeAliases.DynSetBinTreeWorks
[       OK ] DynSetTreeAliases.DynSetBinTreeWorks (0 ms)
[ RUN      ] DynSetTreeAliases.DynSetAvlTreeWorks
[       OK ] DynSetTreeAliases.DynSetAvlTreeWorks (0 ms)
[ RUN      ] DynSetTreeAliases.DynSetSplayTreeWorks
[       OK ] DynSetTreeAliases.DynSetSplayTreeWorks (0 ms)
[ RUN      ] DynSetTreeAliases.DynSetRandTreeWorks
[       OK ] DynSetTreeAliases.DynSetRandTreeWorks (0 ms)
[ RUN      ] DynSetTreeAliases.DynSetTreapWorks
[       OK ] DynSetTreeAliases.DynSetTreapWorks (0 ms)
[ RUN      ] DynSetTreeAliases.DynSetTreapRkWorks
[       OK ] DynSetTreeAliases.DynSetTreapRkWorks (0 ms)
[ RUN      ] DynSetTreeAliases.DynSetRbTreeWorks
[       OK ] DynSetTreeAliases.DynSetRbTreeWorks (0 ms)
[----------] 7 tests from DynSetTreeAliases (0 ms total)

[----------] 1 test from DynSetTreeStress
[ RUN      ] DynSetTreeStress.AllTypesLargeScale
[       OK ] DynSetTreeStress.AllTypesLargeScale (4 ms)
[----------] 1 test from DynSetTreeStress (4 ms total)

[----------] Global test environment tear-down
[==========] 384 tests from 12 test suites ran. (66 ms total)
[  PASSED  ] 384 tests.
<end of output>
Test time =   0.07 sec
----------------------------------------------------------
Test Passed.
"dynsettree" end time: Jan 01 16:46 -05
"dynsettree" time elapsed: 00:00:00
----------------------------------------------------------

56/134 Testing: primes
56/134 Test: primes
Command: "/home/lrleon/Aleph-w/Tests/build/primes"
Directory: /home/lrleon/Aleph-w/Tests/build
"primes" start time: Jan 01 16:46 -05
Output:
----------------------------------------------------------
Running main() from ./googletest/src/gtest_main.cc
[==========] Running 4 tests from 1 test suite.
[----------] Global test environment set-up.
[----------] 4 tests from Prime
[ RUN      ] Prime.test_prime
[       OK ] Prime.test_prime (0 ms)
[ RUN      ] Prime.list
[       OK ] Prime.list (78 ms)
[ RUN      ] Prime.database
[       OK ] Prime.database (0 ms)
[ RUN      ] Prime.next_prime_semantics
[       OK ] Prime.next_prime_semantics (0 ms)
[----------] 4 tests from Prime (78 ms total)

[----------] Global test environment tear-down
[==========] 4 tests from 1 test suite ran. (78 ms total)
[  PASSED  ] 4 tests.
<end of output>
Test time =   0.08 sec
----------------------------------------------------------
Test Passed.
"primes" end time: Jan 01 16:46 -05
"primes" time elapsed: 00:00:00
----------------------------------------------------------

End testing: Jan 01 16:46 -05
